# JRE version: OpenJDK Runtime Environment Temurin-21.0.8+9 (21.0.8+9) (build 21.0.8+9-LTS)
# Java VM: OpenJDK 64-Bit Server VM Temurin-21.0.8+9 (21.0.8+9-LTS, mixed mode, sharing, tiered, compressed oops, compressed class ptrs, parallel gc, windows-amd64)
GC Precious Log:
 CardTable entry size: 512
 CPUs: 4 total, 4 available
 Memory: 8106M
 Large Page Support: Disabled
 NUMA Support: Disabled
 Compressed Oops: Enabled (32-bit)
 Alignments: Space 512K, Generation 512K, Heap 2M
 Heap Min Capacity: 100M
 Heap Initial Capacity: 100M
 Heap Max Capacity: 2G
 Pre-touch: Disabled
 Parallel Workers: 4
Heap:
 PSYoungGen      total 11264K, used 4833K [0x00000000d5580000, 0x00000000d6480000, 0x0000000100000000)
  eden space 8704K, 26% used [0x00000000d5580000,0x00000000d57bb708,0x00000000d5e00000)
  from space 2560K, 99% used [0x00000000d5e00000,0x00000000d607cf00,0x00000000d6080000)
  to   space 1024K, 0% used [0x00000000d6080000,0x00000000d6080000,0x00000000d6180000)
 ParOldGen       total 96256K, used 95805K [0x0000000080000000, 0x0000000085e00000, 0x00000000d5580000)
  object space 96256K, 99% used [0x0000000080000000,0x0000000085d8f738,0x0000000085e00000)
 Metaspace       used 65595K, committed 67136K, reserved 1114112K
  class space    used 6678K, committed 7360K, reserved 1048576K
GC Heap History (20 events):
Event: 351.519 GC heap before
{Heap before GC invocations=149 (full 3):
 PSYoungGen      total 11264K, used 10490K [0x00000000d5580000, 0x00000000d6100000, 0x0000000100000000)
  eden space 10240K, 100% used [0x00000000d5580000,0x00000000d5f80000,0x00000000d5f80000)
  from space 1024K, 24% used [0x00000000d5f80000,0x00000000d5fbe900,0x00000000d6080000)
  to   space 512K, 0% used [0x00000000d6080000,0x00000000d6080000,0x00000000d6100000)
 ParOldGen       total 92672K, used 92403K [0x0000000080000000, 0x0000000085a80000, 0x00000000d5580000)
  object space 92672K, 99% used [0x0000000080000000,0x0000000085a3cd28,0x0000000085a80000)
 Metaspace       used 64438K, committed 65920K, reserved 1114112K
  class space    used 6582K, committed 7232K, reserved 1048576K
}
Event: 351.520 GC heap after
{Heap after GC invocations=149 (full 3):
 PSYoungGen      total 10752K, used 484K [0x00000000d5580000, 0x00000000d6180000, 0x0000000100000000)
  eden space 10240K, 0% used [0x00000000d5580000,0x00000000d5580000,0x00000000d5f80000)
  from space 512K, 94% used [0x00000000d6080000,0x00000000d60f9210,0x00000000d6100000)
  to   space 1024K, 0% used [0x00000000d5f80000,0x00000000d5f80000,0x00000000d6080000)
 ParOldGen       total 92672K, used 92443K [0x0000000080000000, 0x0000000085a80000, 0x00000000d5580000)
  object space 92672K, 99% used [0x0000000080000000,0x0000000085a46d28,0x0000000085a80000)
 Metaspace       used 64438K, committed 65920K, reserved 1114112K
  class space    used 6582K, committed 7232K, reserved 1048576K
}
Event: 351.845 GC heap before
{Heap before GC invocations=150 (full 3):
 PSYoungGen      total 10752K, used 10724K [0x00000000d5580000, 0x00000000d6180000, 0x0000000100000000)
  eden space 10240K, 100% used [0x00000000d5580000,0x00000000d5f80000,0x00000000d5f80000)
  from space 512K, 94% used [0x00000000d6080000,0x00000000d60f9210,0x00000000d6100000)
  to   space 1024K, 0% used [0x00000000d5f80000,0x00000000d5f80000,0x00000000d6080000)
 ParOldGen       total 92672K, used 92443K [0x0000000080000000, 0x0000000085a80000, 0x00000000d5580000)
  object space 92672K, 99% used [0x0000000080000000,0x0000000085a46d28,0x0000000085a80000)
 Metaspace       used 64519K, committed 65984K, reserved 1114112K
  class space    used 6583K, committed 7232K, reserved 1048576K
}
Event: 351.846 GC heap after
{Heap after GC invocations=150 (full 3):
 PSYoungGen      total 11264K, used 996K [0x00000000d5580000, 0x00000000d6380000, 0x0000000100000000)
  eden space 10240K, 0% used [0x00000000d5580000,0x00000000d5580000,0x00000000d5f80000)
  from space 1024K, 97% used [0x00000000d5f80000,0x00000000d6079210,0x00000000d6080000)
  to   space 2048K, 0% used [0x00000000d6180000,0x00000000d6180000,0x00000000d6380000)
 ParOldGen       total 93184K, used 92887K [0x0000000080000000, 0x0000000085b00000, 0x00000000d5580000)
  object space 93184K, 99% used [0x0000000080000000,0x0000000085ab5d80,0x0000000085b00000)
 Metaspace       used 64519K, committed 65984K, reserved 1114112K
  class space    used 6583K, committed 7232K, reserved 1048576K
}
Event: 351.935 GC heap before
{Heap before GC invocations=151 (full 3):
 PSYoungGen      total 11264K, used 11236K [0x00000000d5580000, 0x00000000d6380000, 0x0000000100000000)
  eden space 10240K, 100% used [0x00000000d5580000,0x00000000d5f80000,0x00000000d5f80000)
  from space 1024K, 97% used [0x00000000d5f80000,0x00000000d6079210,0x00000000d6080000)
  to   space 2048K, 0% used [0x00000000d6180000,0x00000000d6180000,0x00000000d6380000)
 ParOldGen       total 93184K, used 92887K [0x0000000080000000, 0x0000000085b00000, 0x00000000d5580000)
  object space 93184K, 99% used [0x0000000080000000,0x0000000085ab5d80,0x0000000085b00000)
 Metaspace       used 64524K, committed 65984K, reserved 1114112K
  class space    used 6583K, committed 7232K, reserved 1048576K
}
Event: 351.936 GC heap after
{Heap after GC invocations=151 (full 3):
 PSYoungGen      total 10752K, used 490K [0x00000000d5580000, 0x00000000d6200000, 0x0000000100000000)
  eden space 10240K, 0% used [0x00000000d5580000,0x00000000d5580000,0x00000000d5f80000)
  from space 512K, 95% used [0x00000000d6180000,0x00000000d61fa910,0x00000000d6200000)
  to   space 1024K, 0% used [0x00000000d6000000,0x00000000d6000000,0x00000000d6100000)
 ParOldGen       total 93696K, used 93648K [0x0000000080000000, 0x0000000085b80000, 0x00000000d5580000)
  object space 93696K, 99% used [0x0000000080000000,0x0000000085b741e8,0x0000000085b80000)
 Metaspace       used 64524K, committed 65984K, reserved 1114112K
  class space    used 6583K, committed 7232K, reserved 1048576K
}
Event: 351.961 GC heap before
{Heap before GC invocations=152 (full 3):
 PSYoungGen      total 10752K, used 10730K [0x00000000d5580000, 0x00000000d6200000, 0x0000000100000000)
  eden space 10240K, 100% used [0x00000000d5580000,0x00000000d5f80000,0x00000000d5f80000)
  from space 512K, 95% used [0x00000000d6180000,0x00000000d61fa910,0x00000000d6200000)
  to   space 1024K, 0% used [0x00000000d6000000,0x00000000d6000000,0x00000000d6100000)
 ParOldGen       total 93696K, used 93648K [0x0000000080000000, 0x0000000085b80000, 0x00000000d5580000)
  object space 93696K, 99% used [0x0000000080000000,0x0000000085b741e8,0x0000000085b80000)
 Metaspace       used 64525K, committed 65984K, reserved 1114112K
  class space    used 6583K, committed 7232K, reserved 1048576K
}
Event: 351.962 GC heap after
{Heap after GC invocations=152 (full 3):
 PSYoungGen      total 11264K, used 484K [0x00000000d5580000, 0x00000000d6200000, 0x0000000100000000)
  eden space 10240K, 0% used [0x00000000d5580000,0x00000000d5580000,0x00000000d5f80000)
  from space 1024K, 47% used [0x00000000d6000000,0x00000000d6079210,0x00000000d6100000)
  to   space 1024K, 0% used [0x00000000d6100000,0x00000000d6100000,0x00000000d6200000)
 ParOldGen       total 93696K, used 93648K [0x0000000080000000, 0x0000000085b80000, 0x00000000d5580000)
  object space 93696K, 99% used [0x0000000080000000,0x0000000085b741e8,0x0000000085b80000)
 Metaspace       used 64525K, committed 65984K, reserved 1114112K
  class space    used 6583K, committed 7232K, reserved 1048576K
}
Event: 352.132 GC heap before
{Heap before GC invocations=153 (full 3):
 PSYoungGen      total 11264K, used 10724K [0x00000000d5580000, 0x00000000d6200000, 0x0000000100000000)
  eden space 10240K, 100% used [0x00000000d5580000,0x00000000d5f80000,0x00000000d5f80000)
  from space 1024K, 47% used [0x00000000d6000000,0x00000000d6079210,0x00000000d6100000)
  to   space 1024K, 0% used [0x00000000d6100000,0x00000000d6100000,0x00000000d6200000)
 ParOldGen       total 93696K, used 93648K [0x0000000080000000, 0x0000000085b80000, 0x00000000d5580000)
  object space 93696K, 99% used [0x0000000080000000,0x0000000085b741e8,0x0000000085b80000)
 Metaspace       used 64536K, committed 65984K, reserved 1114112K
  class space    used 6583K, committed 7232K, reserved 1048576K
}
Event: 352.133 GC heap after
{Heap after GC invocations=153 (full 3):
 PSYoungGen      total 11264K, used 516K [0x00000000d5580000, 0x00000000d6200000, 0x0000000100000000)
  eden space 10240K, 0% used [0x00000000d5580000,0x00000000d5580000,0x00000000d5f80000)
  from space 1024K, 50% used [0x00000000d6100000,0x00000000d6181210,0x00000000d6200000)
  to   space 1024K, 0% used [0x00000000d6000000,0x00000000d6000000,0x00000000d6100000)
 ParOldGen       total 93696K, used 93656K [0x0000000080000000, 0x0000000085b80000, 0x00000000d5580000)
  object space 93696K, 99% used [0x0000000080000000,0x0000000085b761e8,0x0000000085b80000)
 Metaspace       used 64536K, committed 65984K, reserved 1114112K
  class space    used 6583K, committed 7232K, reserved 1048576K
}
Event: 352.315 GC heap before
{Heap before GC invocations=154 (full 3):
 PSYoungGen      total 11264K, used 10756K [0x00000000d5580000, 0x00000000d6200000, 0x0000000100000000)
  eden space 10240K, 100% used [0x00000000d5580000,0x00000000d5f80000,0x00000000d5f80000)
  from space 1024K, 50% used [0x00000000d6100000,0x00000000d6181210,0x00000000d6200000)
  to   space 1024K, 0% used [0x00000000d6000000,0x00000000d6000000,0x00000000d6100000)
 ParOldGen       total 93696K, used 93656K [0x0000000080000000, 0x0000000085b80000, 0x00000000d5580000)
  object space 93696K, 99% used [0x0000000080000000,0x0000000085b761e8,0x0000000085b80000)
 Metaspace       used 64560K, committed 66048K, reserved 1114112K
  class space    used 6583K, committed 7232K, reserved 1048576K
}
Event: 352.316 GC heap after
{Heap after GC invocations=154 (full 3):
 PSYoungGen      total 11264K, used 128K [0x00000000d5580000, 0x00000000d6180000, 0x0000000100000000)
  eden space 10240K, 0% used [0x00000000d5580000,0x00000000d5580000,0x00000000d5f80000)
  from space 1024K, 12% used [0x00000000d6000000,0x00000000d6020000,0x00000000d6100000)
  to   space 512K, 0% used [0x00000000d6100000,0x00000000d6100000,0x00000000d6180000)
 ParOldGen       total 93696K, used 93688K [0x0000000080000000, 0x0000000085b80000, 0x00000000d5580000)
  object space 93696K, 99% used [0x0000000080000000,0x0000000085b7e1e8,0x0000000085b80000)
 Metaspace       used 64560K, committed 66048K, reserved 1114112K
  class space    used 6583K, committed 7232K, reserved 1048576K
}
Event: 352.489 GC heap before
{Heap before GC invocations=155 (full 3):
 PSYoungGen      total 11264K, used 10368K [0x00000000d5580000, 0x00000000d6180000, 0x0000000100000000)
  eden space 10240K, 100% used [0x00000000d5580000,0x00000000d5f80000,0x00000000d5f80000)
  from space 1024K, 12% used [0x00000000d6000000,0x00000000d6020000,0x00000000d6100000)
  to   space 512K, 0% used [0x00000000d6100000,0x00000000d6100000,0x00000000d6180000)
 ParOldGen       total 93696K, used 93688K [0x0000000080000000, 0x0000000085b80000, 0x00000000d5580000)
  object space 93696K, 99% used [0x0000000080000000,0x0000000085b7e1e8,0x0000000085b80000)
 Metaspace       used 64603K, committed 66048K, reserved 1114112K
  class space    used 6583K, committed 7232K, reserved 1048576K
}
Event: 352.490 GC heap after
{Heap after GC invocations=155 (full 3):
 PSYoungGen      total 10752K, used 500K [0x00000000d5580000, 0x00000000d6180000, 0x0000000100000000)
  eden space 10240K, 0% used [0x00000000d5580000,0x00000000d5580000,0x00000000d5f80000)
  from space 512K, 97% used [0x00000000d6100000,0x00000000d617d200,0x00000000d6180000)
  to   space 1024K, 0% used [0x00000000d5f80000,0x00000000d5f80000,0x00000000d6080000)
 ParOldGen       total 94208K, used 93704K [0x0000000080000000, 0x0000000085c00000, 0x00000000d5580000)
  object space 94208K, 99% used [0x0000000080000000,0x0000000085b821e8,0x0000000085c00000)
 Metaspace       used 64603K, committed 66048K, reserved 1114112K
  class space    used 6583K, committed 7232K, reserved 1048576K
}
Event: 451.911 GC heap before
{Heap before GC invocations=156 (full 3):
 PSYoungGen      total 10752K, used 10740K [0x00000000d5580000, 0x00000000d6180000, 0x0000000100000000)
  eden space 10240K, 100% used [0x00000000d5580000,0x00000000d5f80000,0x00000000d5f80000)
  from space 512K, 97% used [0x00000000d6100000,0x00000000d617d200,0x00000000d6180000)
  to   space 1024K, 0% used [0x00000000d5f80000,0x00000000d5f80000,0x00000000d6080000)
 ParOldGen       total 94208K, used 93704K [0x0000000080000000, 0x0000000085c00000, 0x00000000d5580000)
  object space 94208K, 99% used [0x0000000080000000,0x0000000085b821e8,0x0000000085c00000)
 Metaspace       used 64997K, committed 66496K, reserved 1114112K
  class space    used 6619K, committed 7296K, reserved 1048576K
}
Event: 451.912 GC heap after
{Heap after GC invocations=156 (full 3):
 PSYoungGen      total 11264K, used 566K [0x00000000d5580000, 0x00000000d6180000, 0x0000000100000000)
  eden space 10240K, 0% used [0x00000000d5580000,0x00000000d5580000,0x00000000d5f80000)
  from space 1024K, 55% used [0x00000000d5f80000,0x00000000d600d938,0x00000000d6080000)
  to   space 1024K, 0% used [0x00000000d6080000,0x00000000d6080000,0x00000000d6180000)
 ParOldGen       total 94208K, used 93728K [0x0000000080000000, 0x0000000085c00000, 0x00000000d5580000)
  object space 94208K, 99% used [0x0000000080000000,0x0000000085b881e8,0x0000000085c00000)
 Metaspace       used 64997K, committed 66496K, reserved 1114112K
  class space    used 6619K, committed 7296K, reserved 1048576K
}
Event: 452.837 GC heap before
{Heap before GC invocations=157 (full 3):
 PSYoungGen      total 11264K, used 10806K [0x00000000d5580000, 0x00000000d6180000, 0x0000000100000000)
  eden space 10240K, 100% used [0x00000000d5580000,0x00000000d5f80000,0x00000000d5f80000)
  from space 1024K, 55% used [0x00000000d5f80000,0x00000000d600d938,0x00000000d6080000)
  to   space 1024K, 0% used [0x00000000d6080000,0x00000000d6080000,0x00000000d6180000)
 ParOldGen       total 94208K, used 93728K [0x0000000080000000, 0x0000000085c00000, 0x00000000d5580000)
  object space 94208K, 99% used [0x0000000080000000,0x0000000085b881e8,0x0000000085c00000)
 Metaspace       used 65582K, committed 67072K, reserved 1114112K
  class space    used 6676K, committed 7360K, reserved 1048576K
}
Event: 452.839 GC heap after
{Heap after GC invocations=157 (full 3):
 PSYoungGen      total 9728K, used 1004K [0x00000000d5580000, 0x00000000d6480000, 0x0000000100000000)
  eden space 8704K, 0% used [0x00000000d5580000,0x00000000d5580000,0x00000000d5e00000)
  from space 1024K, 98% used [0x00000000d6080000,0x00000000d617b198,0x00000000d6180000)
  to   space 2560K, 0% used [0x00000000d5e00000,0x00000000d5e00000,0x00000000d6080000)
 ParOldGen       total 95232K, used 94795K [0x0000000080000000, 0x0000000085d00000, 0x00000000d5580000)
  object space 95232K, 99% used [0x0000000080000000,0x0000000085c92cd0,0x0000000085d00000)
 Metaspace       used 65582K, committed 67072K, reserved 1114112K
  class space    used 6676K, committed 7360K, reserved 1048576K
}
Event: 452.914 GC heap before
{Heap before GC invocations=158 (full 3):
 PSYoungGen      total 9728K, used 9708K [0x00000000d5580000, 0x00000000d6480000, 0x0000000100000000)
  eden space 8704K, 100% used [0x00000000d5580000,0x00000000d5e00000,0x00000000d5e00000)
  from space 1024K, 98% used [0x00000000d6080000,0x00000000d617b198,0x00000000d6180000)
  to   space 2560K, 0% used [0x00000000d5e00000,0x00000000d5e00000,0x00000000d6080000)
 ParOldGen       total 95232K, used 94795K [0x0000000080000000, 0x0000000085d00000, 0x00000000d5580000)
  object space 95232K, 99% used [0x0000000080000000,0x0000000085c92cd0,0x0000000085d00000)
 Metaspace       used 65589K, committed 67072K, reserved 1114112K
  class space    used 6676K, committed 7360K, reserved 1048576K
}
Event: 452.916 GC heap after
{Heap after GC invocations=158 (full 3):
 PSYoungGen      total 11264K, used 2547K [0x00000000d5580000, 0x00000000d6480000, 0x0000000100000000)
  eden space 8704K, 0% used [0x00000000d5580000,0x00000000d5580000,0x00000000d5e00000)
  from space 2560K, 99% used [0x00000000d5e00000,0x00000000d607cf00,0x00000000d6080000)
  to   space 1024K, 0% used [0x00000000d6080000,0x00000000d6080000,0x00000000d6180000)
 ParOldGen       total 96256K, used 95805K [0x0000000080000000, 0x0000000085e00000, 0x00000000d5580000)
  object space 96256K, 99% used [0x0000000080000000,0x0000000085d8f738,0x0000000085e00000)
 Metaspace       used 65589K, committed 67072K, reserved 1114112K
  class space    used 6676K, committed 7360K, reserved 1048576K
}

