# JRE version: OpenJDK Runtime Environment Temurin-17.0.14+7 (17.0.14+7) (build 17.0.14+7)
# Java VM: OpenJDK 64-Bit Server VM Temurin-17.0.14+7 (17.0.14+7, mixed mode, emulated-client, sharing, tiered, compressed oops, compressed class ptrs, g1 gc, windows-amd64)
GC Precious Log:
 CPUs: 4 total, 4 available
 Memory: 8106M
 Large Page Support: Disabled
 NUMA Support: Disabled
 Compressed Oops: Enabled (32-bit)
 Heap Region Size: 1M
 Heap Min Capacity: 8M
 Heap Initial Capacity: 128M
 Heap Max Capacity: 2028M
 Pre-touch: Disabled
 Parallel Workers: 4
 Concurrent Workers: 1
 Concurrent Refinement Workers: 4
 Periodic GC: Disabled
Heap:
 garbage-first heap   total 73728K, used 43452K [0x0000000081400000, 0x0000000100000000)
  region size 1024K, 2 young (2048K), 2 survivors (2048K)
 Metaspace       used 77999K, committed 78592K, reserved 1179648K
  class space    used 11567K, committed 11840K, reserved 1048576K
GC Heap History (20 events):
Event: 37.740 GC heap after
{Heap after GC invocations=24 (full 0):
 garbage-first heap   total 68608K, used 34965K [0x0000000081400000, 0x0000000100000000)
  region size 1024K, 1 young (1024K), 1 survivors (1024K)
 Metaspace       used 66674K, committed 67200K, reserved 1114112K
  class space    used 9944K, committed 10176K, reserved 1048576K
}
Event: 39.079 GC heap before
{Heap before GC invocations=24 (full 0):
 garbage-first heap   total 68608K, used 55445K [0x0000000081400000, 0x0000000100000000)
  region size 1024K, 21 young (21504K), 1 survivors (1024K)
 Metaspace       used 67649K, committed 68160K, reserved 1114112K
  class space    used 10084K, committed 10304K, reserved 1048576K
}
Event: 39.081 GC heap after
{Heap after GC invocations=25 (full 0):
 garbage-first heap   total 68608K, used 35908K [0x0000000081400000, 0x0000000100000000)
  region size 1024K, 2 young (2048K), 2 survivors (2048K)
 Metaspace       used 67649K, committed 68160K, reserved 1114112K
  class space    used 10084K, committed 10304K, reserved 1048576K
}
Event: 41.107 GC heap before
{Heap before GC invocations=26 (full 0):
 garbage-first heap   total 68608K, used 56388K [0x0000000081400000, 0x0000000100000000)
  region size 1024K, 22 young (22528K), 2 survivors (2048K)
 Metaspace       used 69791K, committed 70400K, reserved 1114112K
  class space    used 10380K, committed 10688K, reserved 1048576K
}
Event: 41.111 GC heap after
{Heap after GC invocations=27 (full 0):
 garbage-first heap   total 68608K, used 37376K [0x0000000081400000, 0x0000000100000000)
  region size 1024K, 3 young (3072K), 3 survivors (3072K)
 Metaspace       used 69791K, committed 70400K, reserved 1114112K
  class space    used 10380K, committed 10688K, reserved 1048576K
}
Event: 41.150 GC heap before
{Heap before GC invocations=27 (full 0):
 garbage-first heap   total 68608K, used 38400K [0x0000000081400000, 0x0000000100000000)
  region size 1024K, 4 young (4096K), 3 survivors (3072K)
 Metaspace       used 69791K, committed 70400K, reserved 1114112K
  class space    used 10380K, committed 10688K, reserved 1048576K
}
Event: 41.155 GC heap after
{Heap after GC invocations=28 (full 0):
 garbage-first heap   total 68608K, used 37200K [0x0000000081400000, 0x0000000100000000)
  region size 1024K, 1 young (1024K), 1 survivors (1024K)
 Metaspace       used 69791K, committed 70400K, reserved 1114112K
  class space    used 10380K, committed 10688K, reserved 1048576K
}
Event: 42.790 GC heap before
{Heap before GC invocations=28 (full 0):
 garbage-first heap   total 68608K, used 56656K [0x0000000081400000, 0x0000000100000000)
  region size 1024K, 20 young (20480K), 1 survivors (1024K)
 Metaspace       used 70493K, committed 71040K, reserved 1114112K
  class space    used 10495K, committed 10752K, reserved 1048576K
}
Event: 42.793 GC heap after
{Heap after GC invocations=29 (full 0):
 garbage-first heap   total 68608K, used 38257K [0x0000000081400000, 0x0000000100000000)
  region size 1024K, 2 young (2048K), 2 survivors (2048K)
 Metaspace       used 70493K, committed 71040K, reserved 1114112K
  class space    used 10495K, committed 10752K, reserved 1048576K
}
Event: 43.712 GC heap before
{Heap before GC invocations=30 (full 0):
 garbage-first heap   total 70656K, used 56689K [0x0000000081400000, 0x0000000100000000)
  region size 1024K, 20 young (20480K), 2 survivors (2048K)
 Metaspace       used 71154K, committed 71680K, reserved 1114112K
  class space    used 10623K, committed 10880K, reserved 1048576K
}
Event: 43.717 GC heap after
{Heap after GC invocations=31 (full 0):
 garbage-first heap   total 70656K, used 39407K [0x0000000081400000, 0x0000000100000000)
  region size 1024K, 3 young (3072K), 3 survivors (3072K)
 Metaspace       used 71154K, committed 71680K, reserved 1114112K
  class space    used 10623K, committed 10880K, reserved 1048576K
}
Event: 43.739 GC heap before
{Heap before GC invocations=31 (full 0):
 garbage-first heap   total 70656K, used 40431K [0x0000000081400000, 0x0000000100000000)
  region size 1024K, 4 young (4096K), 3 survivors (3072K)
 Metaspace       used 71216K, committed 71744K, reserved 1114112K
  class space    used 10632K, committed 10880K, reserved 1048576K
}
Event: 43.744 GC heap after
{Heap after GC invocations=32 (full 0):
 garbage-first heap   total 70656K, used 39267K [0x0000000081400000, 0x0000000100000000)
  region size 1024K, 1 young (1024K), 1 survivors (1024K)
 Metaspace       used 71216K, committed 71744K, reserved 1114112K
  class space    used 10632K, committed 10880K, reserved 1048576K
}
Event: 44.935 GC heap before
{Heap before GC invocations=32 (full 0):
 garbage-first heap   total 70656K, used 58723K [0x0000000081400000, 0x0000000100000000)
  region size 1024K, 20 young (20480K), 1 survivors (1024K)
 Metaspace       used 72318K, committed 72896K, reserved 1114112K
  class space    used 10770K, committed 11072K, reserved 1048576K
}
Event: 44.939 GC heap after
{Heap after GC invocations=33 (full 0):
 garbage-first heap   total 70656K, used 40685K [0x0000000081400000, 0x0000000100000000)
  region size 1024K, 2 young (2048K), 2 survivors (2048K)
 Metaspace       used 72318K, committed 72896K, reserved 1114112K
  class space    used 10770K, committed 11072K, reserved 1048576K
}
Event: 45.866 GC heap before
{Heap before GC invocations=34 (full 0):
 garbage-first heap   total 73728K, used 58093K [0x0000000081400000, 0x0000000100000000)
  region size 1024K, 19 young (19456K), 2 survivors (2048K)
 Metaspace       used 72931K, committed 73536K, reserved 1114112K
  class space    used 10874K, committed 11136K, reserved 1048576K
}
Event: 45.871 GC heap after
{Heap after GC invocations=35 (full 0):
 garbage-first heap   total 73728K, used 42057K [0x0000000081400000, 0x0000000100000000)
  region size 1024K, 2 young (2048K), 2 survivors (2048K)
 Metaspace       used 72931K, committed 73536K, reserved 1114112K
  class space    used 10874K, committed 11136K, reserved 1048576K
}
Event: 45.926 GC heap before
{Heap before GC invocations=35 (full 0):
 garbage-first heap   total 73728K, used 43081K [0x0000000081400000, 0x0000000100000000)
  region size 1024K, 3 young (3072K), 2 survivors (2048K)
 Metaspace       used 73359K, committed 73920K, reserved 1114112K
  class space    used 10940K, committed 11200K, reserved 1048576K
}
Event: 45.929 GC heap after
{Heap after GC invocations=36 (full 0):
 garbage-first heap   total 73728K, used 42025K [0x0000000081400000, 0x0000000100000000)
  region size 1024K, 1 young (1024K), 1 survivors (1024K)
 Metaspace       used 73359K, committed 73920K, reserved 1114112K
  class space    used 10940K, committed 11200K, reserved 1048576K
}
Event: 105.266 GC heap before
{Heap before GC invocations=36 (full 0):
 garbage-first heap   total 73728K, used 59433K [0x0000000081400000, 0x0000000100000000)
  region size 1024K, 19 young (19456K), 1 survivors (1024K)
 Metaspace       used 77999K, committed 78592K, reserved 1179648K
  class space    used 11567K, committed 11840K, reserved 1048576K
}

